app/build/outputs/logs/manifest-merger-debug-report.txt
-- Merging decision tree log ---
manifest
ADDED from src\main\AndroidManifest.xml:2:1-101:12
	package
		ADDED from src\main\AndroidManifest.xml:3:5-46
		INJECTED from src\main\AndroidManifest.xml
		INJECTED from src\main\AndroidManifest.xml
	android:versionName
		INJECTED from src\main\AndroidManifest.xml
		INJECTED from src\main\AndroidManifest.xml
	xmlns:android
		ADDED from src\main\AndroidManifest.xml:2:11-69
	android:versionCode
		INJECTED from src\main\AndroidManifest.xml
		INJECTED from src\main\AndroidManifest.xml
uses-permission#android.permission.READ_EXTERNAL_STORAGE
ADDED from src\main\AndroidManifest.xml:5:5-80
	android:name
		ADDED from src\main\AndroidManifest.xml:5:22-77
uses-permission#android.permission.WRITE_EXTERNAL_STORAGE
ADDED from src\main\AndroidManifest.xml:6:5-81
	android:name
		ADDED from src\main\AndroidManifest.xml:6:22-78
uses-permission#android.permission.CAMERA
ADDED from src\main\AndroidManifest.xml:7:5-65
	android:name
		ADDED from src\main\AndroidManifest.xml:7:22-62
uses-permission#android.permission.INTERNET
ADDED from src\main\AndroidManifest.xml:8:5-67
	android:name
		ADDED from src\main\AndroidManifest.xml:8:22-64
uses-permission#android.permission.ACCESS_NETWORK_STATE
ADDED from src\main\AndroidManifest.xml:9:5-79
	android:name
		ADDED from src\main\AndroidManifest.xml:9:22-76
application
ADDED from src\main\AndroidManifest.xml:11:5-99:19
MERGED from [org.litepal.android:core:1.3.2] AndroidManifest.xml:11:5-14:19
MERGED from [com.android.support:design:25.0.0] AndroidManifest.xml:25:5-20
MERGED from [com.android.support:support-v4:25.0.0] AndroidManifest.xml:25:5-20
MERGED from [com.android.support:support-compat:25.0.0] AndroidManifest.xml:25:5-20
MERGED from [com.android.support:support-media-compat:25.0.0] AndroidManifest.xml:25:5-20
MERGED from [com.android.support:support-core-utils:25.0.0] AndroidManifest.xml:25:5-20
MERGED from [com.android.support:support-core-ui:25.0.0] AndroidManifest.xml:25:5-20
MERGED from [com.android.support:support-fragment:25.0.0] AndroidManifest.xml:25:5-20
MERGED from [com.android.support:appcompat-v7:25.0.0] AndroidManifest.xml:25:5-20
MERGED from [com.android.support:support-vector-drawable:25.0.0] AndroidManifest.xml:23:5-20
MERGED from [com.android.support:animated-vector-drawable:25.0.0] AndroidManifest.xml:22:5-20
MERGED from [com.android.support:transition:25.0.0] AndroidManifest.xml:22:5-20
MERGED from [com.android.support:cardview-v7:25.0.0] AndroidManifest.xml:22:5-20
MERGED from [com.getbase:floatingactionbutton:1.10.1] AndroidManifest.xml:12:5-20
MERGED from [me.dm7.barcodescanner:zxing:1.9] AndroidManifest.xml:11:5-20
MERGED from [me.dm7.barcodescanner:core:1.9] AndroidManifest.xml:11:5-20
	android:label
		ADDED from src\main\AndroidManifest.xml:15:9-41
	android:supportsRtl
		ADDED from src\main\AndroidManifest.xml:16:9-35
	android:allowBackup
		ADDED from src\main\AndroidManifest.xml:13:9-35
	android:icon
		ADDED from src\main\AndroidManifest.xml:14:9-36
	android:theme
		ADDED from src\main\AndroidManifest.xml:17:9-40
	android:name
		ADDED from src\main\AndroidManifest.xml:12:9-28
activity#com.bitworkshop.litebookscholar.ui.activity.SplashActivity
ADDED from src\main\AndroidManifest.xml:18:9-24:20
	android:name
		ADDED from src\main\AndroidManifest.xml:18:19-61
intent-filter#android.intent.action.MAIN+android.intent.category.LAUNCHER
ADDED from src\main\AndroidManifest.xml:19:13-23:29
action#android.intent.action.MAIN
ADDED from src\main\AndroidManifest.xml:20:17-69
	android:name
		ADDED from src\main\AndroidManifest.xml:20:25-66
category#android.intent.category.LAUNCHER
ADDED from src\main\AndroidManifest.xml:22:17-77
	android:name
		ADDED from src\main\AndroidManifest.xml:22:27-74
activity#com.bitworkshop.litebookscholar.ui.activity.MainActivity
ADDED from src\main\AndroidManifest.xml:26:9-28:47
	android:launchMode
		ADDED from src\main\AndroidManifest.xml:28:13-44
	android:name
		ADDED from src\main\AndroidManifest.xml:27:13-53
receiver#com.bitworkshop.litebookscholar.receiver.ConnectivityChangeReceiver
ADDED from src\main\AndroidManifest.xml:30:9-73
	android:name
		ADDED from src\main\AndroidManifest.xml:30:19-70
activity#com.bitworkshop.litebookscholar.ui.activity.LoginActivity
ADDED from src\main\AndroidManifest.xml:32:9-38:20
	android:parentActivityName
		ADDED from src\main\AndroidManifest.xml:34:13-69
	android:name
		ADDED from src\main\AndroidManifest.xml:33:13-54
meta-data#android.support.PARENT_ACTIVITY
ADDED from src\main\AndroidManifest.xml:35:13-37:63
	android:value
		ADDED from src\main\AndroidManifest.xml:37:17-60
	android:name
		ADDED from src\main\AndroidManifest.xml:36:17-63
activity#com.bitworkshop.litebookscholar.ui.activity.SearchBookActivity
ADDED from src\main\AndroidManifest.xml:40:9-54:20
	android:parentActivityName
		ADDED from src\main\AndroidManifest.xml:43:13-67
	android:launchMode
		ADDED from src\main\AndroidManifest.xml:42:13-43
	android:name
		ADDED from src\main\AndroidManifest.xml:41:13-59
intent-filter#android.intent.action.SEARCH
ADDED from src\main\AndroidManifest.xml:44:13-46:29
action#android.intent.action.SEARCH
ADDED from src\main\AndroidManifest.xml:45:17-71
	android:name
		ADDED from src\main\AndroidManifest.xml:45:25-68
meta-data#android.app.searchable
ADDED from src\main\AndroidManifest.xml:48:13-50:54
	android:resource
		ADDED from src\main\AndroidManifest.xml:50:17-51
	android:name
		ADDED from src\main\AndroidManifest.xml:49:17-54
activity#com.bitworkshop.litebookscholar.ui.activity.EditInfoActivity
ADDED from src\main\AndroidManifest.xml:56:9-66
	android:name
		ADDED from src\main\AndroidManifest.xml:56:19-63
activity#com.yalantis.ucrop.UCropActivity
ADDED from src\main\AndroidManifest.xml:58:9-61:72
	android:screenOrientation
		ADDED from src\main\AndroidManifest.xml:60:13-49
	android:theme
		ADDED from src\main\AndroidManifest.xml:61:13-69
	android:name
		ADDED from src\main\AndroidManifest.xml:59:13-60
provider#android.support.v4.content.FileProvider
ADDED from src\main\AndroidManifest.xml:63:9-71:20
	android:authorities
		ADDED from src\main\AndroidManifest.xml:65:13-79
	android:grantUriPermissions
		ADDED from src\main\AndroidManifest.xml:67:13-47
	android:exported
		ADDED from src\main\AndroidManifest.xml:66:13-37
	android:name
		ADDED from src\main\AndroidManifest.xml:64:13-67
meta-data#android.support.FILE_PROVIDER_PATHS
ADDED from src\main\AndroidManifest.xml:68:13-70:54
	android:resource
		ADDED from src\main\AndroidManifest.xml:70:17-51
	android:name
		ADDED from src\main\AndroidManifest.xml:69:17-67
meta-data#com.bitworkshop.litebookscholar.model.LGlideModule
ADDED from src\main\AndroidManifest.xml:73:9-75:43
	android:value
		ADDED from src\main\AndroidManifest.xml:75:13-40
	android:name
		ADDED from src\main\AndroidManifest.xml:74:13-78
activity#com.bitworkshop.litebookscholar.ui.activity.AboutUsActivity
ADDED from src\main\AndroidManifest.xml:77:9-83:20
	android:parentActivityName
		ADDED from src\main\AndroidManifest.xml:79:13-67
	android:name
		ADDED from src\main\AndroidManifest.xml:78:13-56
activity#com.bitworkshop.litebookscholar.ui.activity.SettingsActivity
ADDED from src\main\AndroidManifest.xml:84:9-90:20
	android:parentActivityName
		ADDED from src\main\AndroidManifest.xml:86:13-67
	android:name
		ADDED from src\main\AndroidManifest.xml:85:13-57
activity#com.bitworkshop.litebookscholar.ui.activity.BookInfoActivity
ADDED from src\main\AndroidManifest.xml:92:9-66
	android:name
		ADDED from src\main\AndroidManifest.xml:92:19-63
activity#com.bitworkshop.litebookscholar.ui.activity.ScannerActivity
ADDED from src\main\AndroidManifest.xml:94:9-65
	android:name
		ADDED from src\main\AndroidManifest.xml:94:19-62
activity#com.bitworkshop.litebookscholar.ui.activity.UserInfoActivity
ADDED from src\main\AndroidManifest.xml:96:9-66
	android:name
		ADDED from src\main\AndroidManifest.xml:96:19-63
activity#com.bitworkshop.litebookscholar.ui.activity.UpdateNickNameActivity
ADDED from src\main\AndroidManifest.xml:98:9-72
	android:name
		ADDED from src\main\AndroidManifest.xml:98:19-69
uses-sdk
INJECTED from src\main\AndroidManifest.xml reason: use-sdk injection requested
MERGED from [com.jakewharton:butterknife:8.4.0] AndroidManifest.xml:5:5-43
MERGED from [org.litepal.android:core:1.3.2] AndroidManifest.xml:7:5-9:41
MERGED from [com.roughike:bottom-bar:2.0.2] AndroidManifest.xml:8:5-10:41
MERGED from [com.android.support:design:25.0.0] AndroidManifest.xml:21:5-23:62
MERGED from [com.android.support:support-v4:25.0.0] AndroidManifest.xml:21:5-23:54
MERGED from [com.android.support:support-compat:25.0.0] AndroidManifest.xml:21:5-23:58
MERGED from [com.android.support:support-media-compat:25.0.0] AndroidManifest.xml:21:5-23:63
MERGED from [com.android.support:support-core-utils:25.0.0] AndroidManifest.xml:21:5-23:61
MERGED from [com.android.support:support-core-ui:25.0.0] AndroidManifest.xml:21:5-23:58
MERGED from [com.android.support:support-fragment:25.0.0] AndroidManifest.xml:21:5-23:60
MERGED from [com.android.support:appcompat-v7:25.0.0] AndroidManifest.xml:21:5-23:78
MERGED from [com.android.support:support-vector-drawable:25.0.0] AndroidManifest.xml:21:5-43
MERGED from [com.android.support:animated-vector-drawable:25.0.0] AndroidManifest.xml:20:5-44
MERGED from [com.android.support:recyclerview-v7:25.0.0] AndroidManifest.xml:20:5-43
MERGED from [com.android.support:transition:25.0.0] AndroidManifest.xml:20:5-44
MERGED from [com.android.support:cardview-v7:25.0.0] AndroidManifest.xml:20:5-43
MERGED from [com.yalantis:ucrop:2.2.0] AndroidManifest.xml:8:5-10:41
MERGED from [com.github.markomilos:paginate:0.5.1] AndroidManifest.xml:6:5-43
MERGED from [com.getbase:floatingactionbutton:1.10.1] AndroidManifest.xml:8:5-10:41
MERGED from [me.dm7.barcodescanner:zxing:1.9] AndroidManifest.xml:7:5-9:41
MERGED from [me.dm7.barcodescanner:core:1.9] AndroidManifest.xml:7:5-9:41
	tools:overrideLibrary
		ADDED from [com.android.support:design:25.0.0] AndroidManifest.xml:23:9-59
	android:targetSdkVersion
		INJECTED from src\main\AndroidManifest.xml
		INJECTED from src\main\AndroidManifest.xml
	android:minSdkVersion
		INJECTED from src\main\AndroidManifest.xml
		INJECTED from src\main\AndroidManifest.xml